INFO main uk.ac.open.kmi.iserve.elda.ReadWriteRouterServlet - 

    =>=> Starting Elda 1.2.34

INFO main uk.ac.open.kmi.iserve.elda.EldaRouterRestlet - creating router for 'iserve'
DEBUG main com.hp.hpl.jena.util.FileManager - Add location: LocatorFile
DEBUG main com.hp.hpl.jena.util.FileManager - Add location: LocatorURL
DEBUG main com.hp.hpl.jena.util.FileManager - Add location: ClassLoaderLocator
DEBUG main com.hp.hpl.jena.util.FileManager - open(/etc/elda/conf.d/iserve/delay.int)
INFO main uk.ac.open.kmi.iserve.elda.EldaRouterRestlet - reload check interval for iserve is 5000
DEBUG main com.epimorphics.lda.restlets.RouterRestlet - configuration file templates: [specs/iserve.ttl]
INFO main com.epimorphics.lda.restlets.RouterRestlet - adding locator for /Users/lp6347/Documents/IJProjects/iserve/iserve-elda/target/iserve-elda-2.0.0-SNAPSHOT/
DEBUG main com.hp.hpl.jena.util.FileManager - Add location: LocatorFile(/Users/lp6347/Documents/IJProjects/iserve/iserve-elda/target/iserve-elda-2.0.0-SNAPSHOT)
INFO main com.epimorphics.lda.restlets.RouterRestlet - Loading spec file from /Users/lp6347/Documents/IJProjects/iserve/iserve-elda/target/iserve-elda-2.0.0-SNAPSHOT/specs/iserve.ttl with prefix path null
INFO main com.epimorphics.lda.routing.Loader - loadModel: /Users/lp6347/Documents/IJProjects/iserve/iserve-elda/target/iserve-elda-2.0.0-SNAPSHOT/specs/iserve.ttl
DEBUG main com.hp.hpl.jena.util.FileManager - loadModel(/Users/lp6347/Documents/IJProjects/iserve/iserve-elda/target/iserve-elda-2.0.0-SNAPSHOT/specs/iserve.ttl)
DEBUG main com.hp.hpl.jena.util.FileManager - Add location: LocatorFile
DEBUG main com.hp.hpl.jena.util.FileManager - Add location: ClassLoaderLocator
DEBUG main com.hp.hpl.jena.util.LocationMapper - Failed to find configuration: file:location-mapping.rdf;file:location-mapping.n3;file:location-mapping.ttl;file:etc/location-mapping.rdf;file:etc/location-mapping.n3;file:etc/location-mapping.ttl
DEBUG main com.hp.hpl.jena.util.FileManager - Add location: LocatorFile
DEBUG main com.hp.hpl.jena.util.FileManager - Add location: LocatorURL
DEBUG main com.hp.hpl.jena.util.FileManager - Add location: ClassLoaderLocator
DEBUG main com.hp.hpl.jena.util.FileManager - Syntax guess: TURTLE
DEBUG main com.hp.hpl.jena.util.FileManager - Found: /Users/lp6347/Documents/IJProjects/iserve/iserve-elda/target/iserve-elda-2.0.0-SNAPSHOT/specs/iserve.ttl (LocatorFile)
DEBUG main com.hp.hpl.jena.sparql.mgt.ARQMgt - Register MBean: org.apache.jena.arq.system:type=Context
DEBUG main com.hp.hpl.jena.sparql.mgt.ARQMgt - Register MBean: org.apache.jena.arq.system:type=Engine
DEBUG main com.hp.hpl.jena.sparql.mgt.ARQMgt - Register MBean: org.apache.jena.arq.system:type=SystemInfo
DEBUG main com.hp.hpl.jena.sparql.mgt.ARQMgt - Register MBean: org.apache.jena.riot.system:type=SystemInfo
INFO main com.epimorphics.lda.restlets.RouterRestlet - Loaded /Users/lp6347/Documents/IJProjects/iserve/iserve-elda/target/iserve-elda-2.0.0-SNAPSHOT/specs/iserve.ttl: 305 statements
INFO main com.epimorphics.lda.specmanager.SpecManagerImpl - Creating API spec at: http://localhost:9090/iserve/api-config#api
INFO main com.epimorphics.lda.sources.SparqlSource - created SparqlSource{http://localhost:8080/openrdf-sesame/repositories/iserve; supportsNestedSelect: No}
INFO main com.epimorphics.lda.routing.MatchSearcher - registering /doc/def/{scheme}/{term}/subclass for [Endpoint subclasses for http://localhost:9090/iserve/api-config#api]
INFO main com.epimorphics.lda.routing.MatchSearcher - registering /doc/def/{scheme} for [Endpoint scheme for http://localhost:9090/iserve/api-config#api]
INFO main com.epimorphics.lda.routing.MatchSearcher - registering /doc/services/{svcId}/{serviceName}/{opName}/{messageName} for [Endpoint messageItem for http://localhost:9090/iserve/api-config#api]
INFO main com.epimorphics.lda.routing.MatchSearcher - registering /id/services/{svcId}/{serviceName}/{opName}/{messageName} for <base: /iserve/; template: /doc/services/{svcId}/{serviceName}/{opName}/{messageName}>
INFO main com.epimorphics.lda.routing.MatchSearcher - registering /doc/operations for [Endpoint operationsList for http://localhost:9090/iserve/api-config#api]
INFO main com.epimorphics.lda.routing.MatchSearcher - registering /doc/def/{scheme}/{term}/property for [Endpoint properties for http://localhost:9090/iserve/api-config#api]
INFO main com.epimorphics.lda.routing.MatchSearcher - registering /doc/def/{scheme}/ for [Endpoint scheme-ns for http://localhost:9090/iserve/api-config#api]
INFO main com.epimorphics.lda.routing.MatchSearcher - registering /id/def/{scheme}/ for <base: /iserve/; template: /doc/def/{scheme}/>
INFO main com.epimorphics.lda.routing.MatchSearcher - registering /doc/def/{scheme}/{term}/instance for [Endpoint instances for http://localhost:9090/iserve/api-config#api]
INFO main com.epimorphics.lda.routing.MatchSearcher - registering /doc/services/{svcId}/{serviceName} for [Endpoint serviceItem for http://localhost:9090/iserve/api-config#api]
INFO main com.epimorphics.lda.routing.MatchSearcher - registering /id/services/{svcId}/{serviceName} for <base: /iserve/; template: /doc/services/{svcId}/{serviceName}>
INFO main com.epimorphics.lda.routing.MatchSearcher - registering /doc/services/{svcId}/{serviceName}/{opName}/messages for [Endpoint operationInputsList for http://localhost:9090/iserve/api-config#api]
INFO main com.epimorphics.lda.routing.MatchSearcher - registering /doc/services/{svcId}/{serviceName}/{opName}/{messageName}/{messagePart} for [Endpoint messagePart for http://localhost:9090/iserve/api-config#api]
INFO main com.epimorphics.lda.routing.MatchSearcher - registering /id/services/{svcId}/{serviceName}/{opName}/{messageName}/{messagePart} for <base: /iserve/; template: /doc/services/{svcId}/{serviceName}/{opName}/{messageName}/{messagePart}>
INFO main com.epimorphics.lda.routing.MatchSearcher - registering /doc/services/{svcId}/{serviceName}/{opName} for [Endpoint operationItem for http://localhost:9090/iserve/api-config#api]
INFO main com.epimorphics.lda.routing.MatchSearcher - registering /id/services/{svcId}/{serviceName}/{opName} for <base: /iserve/; template: /doc/services/{svcId}/{serviceName}/{opName}>
INFO main com.epimorphics.lda.routing.MatchSearcher - registering /doc/services for [Endpoint serviceList for http://localhost:9090/iserve/api-config#api]
INFO main com.epimorphics.lda.routing.MatchSearcher - registering /doc/def for [Endpoint scheme-def for http://localhost:9090/iserve/api-config#api]
INFO main com.epimorphics.lda.sources.SparqlSource - created SparqlSource{http://localhost:8080/openrdf-sesame/repositories/iserve; supportsNestedSelect: No}
INFO main com.epimorphics.lda.routing.MatchSearcher - registering /doc/def/{scheme}/{term}/subclass for [Endpoint subclasses for http://localhost:9090/iserve/api-config#api]
INFO main com.epimorphics.lda.routing.MatchSearcher - registering /doc/def/{scheme} for [Endpoint scheme for http://localhost:9090/iserve/api-config#api]
INFO main com.epimorphics.lda.routing.MatchSearcher - registering /doc/services/{svcId}/{serviceName}/{opName}/{messageName} for [Endpoint messageItem for http://localhost:9090/iserve/api-config#api]
INFO main com.epimorphics.lda.routing.MatchSearcher - registering /id/services/{svcId}/{serviceName}/{opName}/{messageName} for <base: /iserve/; template: /doc/services/{svcId}/{serviceName}/{opName}/{messageName}>
INFO main com.epimorphics.lda.routing.MatchSearcher - registering /doc/operations for [Endpoint operationsList for http://localhost:9090/iserve/api-config#api]
INFO main com.epimorphics.lda.routing.MatchSearcher - registering /doc/def/{scheme}/{term}/property for [Endpoint properties for http://localhost:9090/iserve/api-config#api]
INFO main com.epimorphics.lda.routing.MatchSearcher - registering /doc/def/{scheme}/ for [Endpoint scheme-ns for http://localhost:9090/iserve/api-config#api]
INFO main com.epimorphics.lda.routing.MatchSearcher - registering /id/def/{scheme}/ for <base: /iserve/; template: /doc/def/{scheme}/>
INFO main com.epimorphics.lda.routing.MatchSearcher - registering /doc/def/{scheme}/{term}/instance for [Endpoint instances for http://localhost:9090/iserve/api-config#api]
INFO main com.epimorphics.lda.routing.MatchSearcher - registering /doc/services/{svcId}/{serviceName} for [Endpoint serviceItem for http://localhost:9090/iserve/api-config#api]
INFO main com.epimorphics.lda.routing.MatchSearcher - registering /id/services/{svcId}/{serviceName} for <base: /iserve/; template: /doc/services/{svcId}/{serviceName}>
INFO main com.epimorphics.lda.routing.MatchSearcher - registering /doc/services/{svcId}/{serviceName}/{opName}/messages for [Endpoint operationInputsList for http://localhost:9090/iserve/api-config#api]
INFO main com.epimorphics.lda.routing.MatchSearcher - registering /doc/services/{svcId}/{serviceName}/{opName}/{messageName}/{messagePart} for [Endpoint messagePart for http://localhost:9090/iserve/api-config#api]
INFO main com.epimorphics.lda.routing.MatchSearcher - registering /id/services/{svcId}/{serviceName}/{opName}/{messageName}/{messagePart} for <base: /iserve/; template: /doc/services/{svcId}/{serviceName}/{opName}/{messageName}/{messagePart}>
INFO main com.epimorphics.lda.routing.MatchSearcher - registering /doc/services/{svcId}/{serviceName}/{opName} for [Endpoint operationItem for http://localhost:9090/iserve/api-config#api]
INFO main com.epimorphics.lda.routing.MatchSearcher - registering /id/services/{svcId}/{serviceName}/{opName} for <base: /iserve/; template: /doc/services/{svcId}/{serviceName}/{opName}>
INFO main com.epimorphics.lda.routing.MatchSearcher - registering /doc/services for [Endpoint serviceList for http://localhost:9090/iserve/api-config#api]
INFO main com.epimorphics.lda.routing.MatchSearcher - registering /doc/def for [Endpoint scheme-def for http://localhost:9090/iserve/api-config#api]
INFO main uk.ac.open.kmi.iserve.elda.ReadWriteRouterServlet - 

    =>=> Starting Elda 1.2.34

INFO main uk.ac.open.kmi.iserve.elda.EldaRouterRestlet - creating router for 'iserve'
DEBUG main com.hp.hpl.jena.util.FileManager - Add location: LocatorFile
DEBUG main com.hp.hpl.jena.util.FileManager - Add location: LocatorURL
DEBUG main com.hp.hpl.jena.util.FileManager - Add location: ClassLoaderLocator
DEBUG main com.hp.hpl.jena.util.FileManager - open(/etc/elda/conf.d/iserve/delay.int)
INFO main uk.ac.open.kmi.iserve.elda.EldaRouterRestlet - reload check interval for iserve is 5000
DEBUG main com.epimorphics.lda.restlets.RouterRestlet - configuration file templates: [specs/iserve.ttl]
INFO main com.epimorphics.lda.restlets.RouterRestlet - adding locator for /Users/lp6347/Documents/IJProjects/iserve/iserve-elda/target/iserve-elda-2.0.0-SNAPSHOT/
DEBUG main com.hp.hpl.jena.util.FileManager - Add location: LocatorFile(/Users/lp6347/Documents/IJProjects/iserve/iserve-elda/target/iserve-elda-2.0.0-SNAPSHOT)
INFO main com.epimorphics.lda.restlets.RouterRestlet - Loading spec file from /Users/lp6347/Documents/IJProjects/iserve/iserve-elda/target/iserve-elda-2.0.0-SNAPSHOT/specs/iserve.ttl with prefix path null
INFO main com.epimorphics.lda.routing.Loader - loadModel: /Users/lp6347/Documents/IJProjects/iserve/iserve-elda/target/iserve-elda-2.0.0-SNAPSHOT/specs/iserve.ttl
DEBUG main com.hp.hpl.jena.util.FileManager - loadModel(/Users/lp6347/Documents/IJProjects/iserve/iserve-elda/target/iserve-elda-2.0.0-SNAPSHOT/specs/iserve.ttl)
DEBUG main com.hp.hpl.jena.util.FileManager - Add location: LocatorFile
DEBUG main com.hp.hpl.jena.util.FileManager - Add location: ClassLoaderLocator
DEBUG main com.hp.hpl.jena.util.LocationMapper - Failed to find configuration: file:location-mapping.rdf;file:location-mapping.n3;file:location-mapping.ttl;file:etc/location-mapping.rdf;file:etc/location-mapping.n3;file:etc/location-mapping.ttl
DEBUG main com.hp.hpl.jena.util.FileManager - Add location: LocatorFile
DEBUG main com.hp.hpl.jena.util.FileManager - Add location: LocatorURL
DEBUG main com.hp.hpl.jena.util.FileManager - Add location: ClassLoaderLocator
DEBUG main com.hp.hpl.jena.util.FileManager - Syntax guess: TURTLE
DEBUG main com.hp.hpl.jena.util.FileManager - Found: /Users/lp6347/Documents/IJProjects/iserve/iserve-elda/target/iserve-elda-2.0.0-SNAPSHOT/specs/iserve.ttl (LocatorFile)
DEBUG main com.hp.hpl.jena.sparql.mgt.ARQMgt - Register MBean: org.apache.jena.arq.system:type=Context
DEBUG main com.hp.hpl.jena.sparql.mgt.ARQMgt - Register MBean: org.apache.jena.arq.system:type=Engine
DEBUG main com.hp.hpl.jena.sparql.mgt.ARQMgt - Register MBean: org.apache.jena.arq.system:type=SystemInfo
DEBUG main com.hp.hpl.jena.sparql.mgt.ARQMgt - Register MBean: org.apache.jena.riot.system:type=SystemInfo
INFO main com.epimorphics.lda.restlets.RouterRestlet - Loaded /Users/lp6347/Documents/IJProjects/iserve/iserve-elda/target/iserve-elda-2.0.0-SNAPSHOT/specs/iserve.ttl: 305 statements
INFO main com.epimorphics.lda.specmanager.SpecManagerImpl - Creating API spec at: http://localhost:9090/iserve/api-config#api
INFO main com.epimorphics.lda.sources.SparqlSource - created SparqlSource{http://localhost:8080/openrdf-sesame/repositories/iserve; supportsNestedSelect: No}
INFO main com.epimorphics.lda.routing.MatchSearcher - registering /doc/def/{scheme}/{term}/subclass for [Endpoint subclasses for http://localhost:9090/iserve/api-config#api]
INFO main com.epimorphics.lda.routing.MatchSearcher - registering /doc/def/{scheme} for [Endpoint scheme for http://localhost:9090/iserve/api-config#api]
INFO main com.epimorphics.lda.routing.MatchSearcher - registering /doc/services/{svcId}/{serviceName}/{opName}/{messageName} for [Endpoint messageItem for http://localhost:9090/iserve/api-config#api]
INFO main com.epimorphics.lda.routing.MatchSearcher - registering /id/services/{svcId}/{serviceName}/{opName}/{messageName} for <base: /iserve/; template: /doc/services/{svcId}/{serviceName}/{opName}/{messageName}>
INFO main com.epimorphics.lda.routing.MatchSearcher - registering /doc/operations for [Endpoint operationsList for http://localhost:9090/iserve/api-config#api]
INFO main com.epimorphics.lda.routing.MatchSearcher - registering /doc/def/{scheme}/{term}/property for [Endpoint properties for http://localhost:9090/iserve/api-config#api]
INFO main com.epimorphics.lda.routing.MatchSearcher - registering /doc/def/{scheme}/ for [Endpoint scheme-ns for http://localhost:9090/iserve/api-config#api]
INFO main com.epimorphics.lda.routing.MatchSearcher - registering /id/def/{scheme}/ for <base: /iserve/; template: /doc/def/{scheme}/>
INFO main com.epimorphics.lda.routing.MatchSearcher - registering /doc/def/{scheme}/{term}/instance for [Endpoint instances for http://localhost:9090/iserve/api-config#api]
INFO main com.epimorphics.lda.routing.MatchSearcher - registering /doc/services/{svcId}/{serviceName} for [Endpoint serviceItem for http://localhost:9090/iserve/api-config#api]
INFO main com.epimorphics.lda.routing.MatchSearcher - registering /id/services/{svcId}/{serviceName} for <base: /iserve/; template: /doc/services/{svcId}/{serviceName}>
INFO main com.epimorphics.lda.routing.MatchSearcher - registering /doc/services/{svcId}/{serviceName}/{opName}/messages for [Endpoint operationInputsList for http://localhost:9090/iserve/api-config#api]
INFO main com.epimorphics.lda.routing.MatchSearcher - registering /doc/services/{svcId}/{serviceName}/{opName}/{messageName}/{messagePart} for [Endpoint messagePart for http://localhost:9090/iserve/api-config#api]
INFO main com.epimorphics.lda.routing.MatchSearcher - registering /id/services/{svcId}/{serviceName}/{opName}/{messageName}/{messagePart} for <base: /iserve/; template: /doc/services/{svcId}/{serviceName}/{opName}/{messageName}/{messagePart}>
INFO main com.epimorphics.lda.routing.MatchSearcher - registering /doc/services/{svcId}/{serviceName}/{opName} for [Endpoint operationItem for http://localhost:9090/iserve/api-config#api]
INFO main com.epimorphics.lda.routing.MatchSearcher - registering /id/services/{svcId}/{serviceName}/{opName} for <base: /iserve/; template: /doc/services/{svcId}/{serviceName}/{opName}>
INFO main com.epimorphics.lda.routing.MatchSearcher - registering /doc/services for [Endpoint serviceList for http://localhost:9090/iserve/api-config#api]
INFO main com.epimorphics.lda.routing.MatchSearcher - registering /doc/def for [Endpoint scheme-def for http://localhost:9090/iserve/api-config#api]
INFO main com.epimorphics.lda.sources.SparqlSource - created SparqlSource{http://localhost:8080/openrdf-sesame/repositories/iserve; supportsNestedSelect: No}
INFO main com.epimorphics.lda.routing.MatchSearcher - registering /doc/def/{scheme}/{term}/subclass for [Endpoint subclasses for http://localhost:9090/iserve/api-config#api]
INFO main com.epimorphics.lda.routing.MatchSearcher - registering /doc/def/{scheme} for [Endpoint scheme for http://localhost:9090/iserve/api-config#api]
INFO main com.epimorphics.lda.routing.MatchSearcher - registering /doc/services/{svcId}/{serviceName}/{opName}/{messageName} for [Endpoint messageItem for http://localhost:9090/iserve/api-config#api]
INFO main com.epimorphics.lda.routing.MatchSearcher - registering /id/services/{svcId}/{serviceName}/{opName}/{messageName} for <base: /iserve/; template: /doc/services/{svcId}/{serviceName}/{opName}/{messageName}>
INFO main com.epimorphics.lda.routing.MatchSearcher - registering /doc/operations for [Endpoint operationsList for http://localhost:9090/iserve/api-config#api]
INFO main com.epimorphics.lda.routing.MatchSearcher - registering /doc/def/{scheme}/{term}/property for [Endpoint properties for http://localhost:9090/iserve/api-config#api]
INFO main com.epimorphics.lda.routing.MatchSearcher - registering /doc/def/{scheme}/ for [Endpoint scheme-ns for http://localhost:9090/iserve/api-config#api]
INFO main com.epimorphics.lda.routing.MatchSearcher - registering /id/def/{scheme}/ for <base: /iserve/; template: /doc/def/{scheme}/>
INFO main com.epimorphics.lda.routing.MatchSearcher - registering /doc/def/{scheme}/{term}/instance for [Endpoint instances for http://localhost:9090/iserve/api-config#api]
INFO main com.epimorphics.lda.routing.MatchSearcher - registering /doc/services/{svcId}/{serviceName} for [Endpoint serviceItem for http://localhost:9090/iserve/api-config#api]
INFO main com.epimorphics.lda.routing.MatchSearcher - registering /id/services/{svcId}/{serviceName} for <base: /iserve/; template: /doc/services/{svcId}/{serviceName}>
INFO main com.epimorphics.lda.routing.MatchSearcher - registering /doc/services/{svcId}/{serviceName}/{opName}/messages for [Endpoint operationInputsList for http://localhost:9090/iserve/api-config#api]
INFO main com.epimorphics.lda.routing.MatchSearcher - registering /doc/services/{svcId}/{serviceName}/{opName}/{messageName}/{messagePart} for [Endpoint messagePart for http://localhost:9090/iserve/api-config#api]
INFO main com.epimorphics.lda.routing.MatchSearcher - registering /id/services/{svcId}/{serviceName}/{opName}/{messageName}/{messagePart} for <base: /iserve/; template: /doc/services/{svcId}/{serviceName}/{opName}/{messageName}/{messagePart}>
INFO main com.epimorphics.lda.routing.MatchSearcher - registering /doc/services/{svcId}/{serviceName}/{opName} for [Endpoint operationItem for http://localhost:9090/iserve/api-config#api]
INFO main com.epimorphics.lda.routing.MatchSearcher - registering /id/services/{svcId}/{serviceName}/{opName} for <base: /iserve/; template: /doc/services/{svcId}/{serviceName}/{opName}>
INFO main com.epimorphics.lda.routing.MatchSearcher - registering /doc/services for [Endpoint serviceList for http://localhost:9090/iserve/api-config#api]
INFO main com.epimorphics.lda.routing.MatchSearcher - registering /doc/def for [Endpoint scheme-def for http://localhost:9090/iserve/api-config#api]
INFO main uk.ac.open.kmi.iserve.elda.ReadWriteRouterServlet - 

    =>=> Starting Elda 1.2.34

INFO main uk.ac.open.kmi.iserve.elda.EldaRouterRestlet - creating router for 'iserve'
DEBUG main com.hp.hpl.jena.util.FileManager - Add location: LocatorFile
DEBUG main com.hp.hpl.jena.util.FileManager - Add location: LocatorURL
DEBUG main com.hp.hpl.jena.util.FileManager - Add location: ClassLoaderLocator
DEBUG main com.hp.hpl.jena.util.FileManager - open(/etc/elda/conf.d/iserve/delay.int)
INFO main uk.ac.open.kmi.iserve.elda.EldaRouterRestlet - reload check interval for iserve is 5000
DEBUG main com.epimorphics.lda.restlets.RouterRestlet - configuration file templates: [specs/iserve.ttl]
INFO main com.epimorphics.lda.restlets.RouterRestlet - adding locator for /Users/lp6347/Documents/IJProjects/iserve/iserve-elda/target/iserve-elda-2.0.0-SNAPSHOT/
DEBUG main com.hp.hpl.jena.util.FileManager - Add location: LocatorFile(/Users/lp6347/Documents/IJProjects/iserve/iserve-elda/target/iserve-elda-2.0.0-SNAPSHOT)
INFO main com.epimorphics.lda.restlets.RouterRestlet - Loading spec file from /Users/lp6347/Documents/IJProjects/iserve/iserve-elda/target/iserve-elda-2.0.0-SNAPSHOT/specs/iserve.ttl with prefix path null
INFO main com.epimorphics.lda.routing.Loader - loadModel: /Users/lp6347/Documents/IJProjects/iserve/iserve-elda/target/iserve-elda-2.0.0-SNAPSHOT/specs/iserve.ttl
DEBUG main com.hp.hpl.jena.util.FileManager - loadModel(/Users/lp6347/Documents/IJProjects/iserve/iserve-elda/target/iserve-elda-2.0.0-SNAPSHOT/specs/iserve.ttl)
DEBUG main com.hp.hpl.jena.util.FileManager - Add location: LocatorFile
DEBUG main com.hp.hpl.jena.util.FileManager - Add location: ClassLoaderLocator
DEBUG main com.hp.hpl.jena.util.LocationMapper - Failed to find configuration: file:location-mapping.rdf;file:location-mapping.n3;file:location-mapping.ttl;file:etc/location-mapping.rdf;file:etc/location-mapping.n3;file:etc/location-mapping.ttl
DEBUG main com.hp.hpl.jena.util.FileManager - Add location: LocatorFile
DEBUG main com.hp.hpl.jena.util.FileManager - Add location: LocatorURL
DEBUG main com.hp.hpl.jena.util.FileManager - Add location: ClassLoaderLocator
DEBUG main com.hp.hpl.jena.util.FileManager - Syntax guess: TURTLE
DEBUG main com.hp.hpl.jena.util.FileManager - Found: /Users/lp6347/Documents/IJProjects/iserve/iserve-elda/target/iserve-elda-2.0.0-SNAPSHOT/specs/iserve.ttl (LocatorFile)
DEBUG main com.hp.hpl.jena.sparql.mgt.ARQMgt - Register MBean: org.apache.jena.arq.system:type=Context
DEBUG main com.hp.hpl.jena.sparql.mgt.ARQMgt - Register MBean: org.apache.jena.arq.system:type=Engine
DEBUG main com.hp.hpl.jena.sparql.mgt.ARQMgt - Register MBean: org.apache.jena.arq.system:type=SystemInfo
DEBUG main com.hp.hpl.jena.sparql.mgt.ARQMgt - Register MBean: org.apache.jena.riot.system:type=SystemInfo
INFO main com.epimorphics.lda.restlets.RouterRestlet - Loaded /Users/lp6347/Documents/IJProjects/iserve/iserve-elda/target/iserve-elda-2.0.0-SNAPSHOT/specs/iserve.ttl: 305 statements
INFO main com.epimorphics.lda.specmanager.SpecManagerImpl - Creating API spec at: http://localhost:9090/iserve/api-config#api
INFO main com.epimorphics.lda.sources.SparqlSource - created SparqlSource{http://localhost:8080/openrdf-sesame/repositories/iserve; supportsNestedSelect: No}
INFO main com.epimorphics.lda.routing.MatchSearcher - registering /doc/def/{scheme}/{term}/subclass for [Endpoint subclasses for http://localhost:9090/iserve/api-config#api]
INFO main com.epimorphics.lda.routing.MatchSearcher - registering /doc/def/{scheme} for [Endpoint scheme for http://localhost:9090/iserve/api-config#api]
INFO main com.epimorphics.lda.routing.MatchSearcher - registering /doc/services/{svcId}/{serviceName}/{opName}/{messageName} for [Endpoint messageItem for http://localhost:9090/iserve/api-config#api]
INFO main com.epimorphics.lda.routing.MatchSearcher - registering /id/services/{svcId}/{serviceName}/{opName}/{messageName} for <base: /iserve/; template: /doc/services/{svcId}/{serviceName}/{opName}/{messageName}>
INFO main com.epimorphics.lda.routing.MatchSearcher - registering /doc/operations for [Endpoint operationsList for http://localhost:9090/iserve/api-config#api]
INFO main com.epimorphics.lda.routing.MatchSearcher - registering /doc/def/{scheme}/{term}/property for [Endpoint properties for http://localhost:9090/iserve/api-config#api]
INFO main com.epimorphics.lda.routing.MatchSearcher - registering /doc/def/{scheme}/ for [Endpoint scheme-ns for http://localhost:9090/iserve/api-config#api]
INFO main com.epimorphics.lda.routing.MatchSearcher - registering /id/def/{scheme}/ for <base: /iserve/; template: /doc/def/{scheme}/>
INFO main com.epimorphics.lda.routing.MatchSearcher - registering /doc/def/{scheme}/{term}/instance for [Endpoint instances for http://localhost:9090/iserve/api-config#api]
INFO main com.epimorphics.lda.routing.MatchSearcher - registering /doc/services/{svcId}/{serviceName} for [Endpoint serviceItem for http://localhost:9090/iserve/api-config#api]
INFO main com.epimorphics.lda.routing.MatchSearcher - registering /id/services/{svcId}/{serviceName} for <base: /iserve/; template: /doc/services/{svcId}/{serviceName}>
INFO main com.epimorphics.lda.routing.MatchSearcher - registering /doc/services/{svcId}/{serviceName}/{opName}/messages for [Endpoint operationInputsList for http://localhost:9090/iserve/api-config#api]
INFO main com.epimorphics.lda.routing.MatchSearcher - registering /doc/services/{svcId}/{serviceName}/{opName}/{messageName}/{messagePart} for [Endpoint messagePart for http://localhost:9090/iserve/api-config#api]
INFO main com.epimorphics.lda.routing.MatchSearcher - registering /id/services/{svcId}/{serviceName}/{opName}/{messageName}/{messagePart} for <base: /iserve/; template: /doc/services/{svcId}/{serviceName}/{opName}/{messageName}/{messagePart}>
INFO main com.epimorphics.lda.routing.MatchSearcher - registering /doc/services/{svcId}/{serviceName}/{opName} for [Endpoint operationItem for http://localhost:9090/iserve/api-config#api]
INFO main com.epimorphics.lda.routing.MatchSearcher - registering /id/services/{svcId}/{serviceName}/{opName} for <base: /iserve/; template: /doc/services/{svcId}/{serviceName}/{opName}>
INFO main com.epimorphics.lda.routing.MatchSearcher - registering /doc/services for [Endpoint serviceList for http://localhost:9090/iserve/api-config#api]
INFO main com.epimorphics.lda.routing.MatchSearcher - registering /doc/def for [Endpoint scheme-def for http://localhost:9090/iserve/api-config#api]
INFO main com.epimorphics.lda.sources.SparqlSource - created SparqlSource{http://localhost:8080/openrdf-sesame/repositories/iserve; supportsNestedSelect: No}
INFO main com.epimorphics.lda.routing.MatchSearcher - registering /doc/def/{scheme}/{term}/subclass for [Endpoint subclasses for http://localhost:9090/iserve/api-config#api]
INFO main com.epimorphics.lda.routing.MatchSearcher - registering /doc/def/{scheme} for [Endpoint scheme for http://localhost:9090/iserve/api-config#api]
INFO main com.epimorphics.lda.routing.MatchSearcher - registering /doc/services/{svcId}/{serviceName}/{opName}/{messageName} for [Endpoint messageItem for http://localhost:9090/iserve/api-config#api]
INFO main com.epimorphics.lda.routing.MatchSearcher - registering /id/services/{svcId}/{serviceName}/{opName}/{messageName} for <base: /iserve/; template: /doc/services/{svcId}/{serviceName}/{opName}/{messageName}>
INFO main com.epimorphics.lda.routing.MatchSearcher - registering /doc/operations for [Endpoint operationsList for http://localhost:9090/iserve/api-config#api]
INFO main com.epimorphics.lda.routing.MatchSearcher - registering /doc/def/{scheme}/{term}/property for [Endpoint properties for http://localhost:9090/iserve/api-config#api]
INFO main com.epimorphics.lda.routing.MatchSearcher - registering /doc/def/{scheme}/ for [Endpoint scheme-ns for http://localhost:9090/iserve/api-config#api]
INFO main com.epimorphics.lda.routing.MatchSearcher - registering /id/def/{scheme}/ for <base: /iserve/; template: /doc/def/{scheme}/>
INFO main com.epimorphics.lda.routing.MatchSearcher - registering /doc/def/{scheme}/{term}/instance for [Endpoint instances for http://localhost:9090/iserve/api-config#api]
INFO main com.epimorphics.lda.routing.MatchSearcher - registering /doc/services/{svcId}/{serviceName} for [Endpoint serviceItem for http://localhost:9090/iserve/api-config#api]
INFO main com.epimorphics.lda.routing.MatchSearcher - registering /id/services/{svcId}/{serviceName} for <base: /iserve/; template: /doc/services/{svcId}/{serviceName}>
INFO main com.epimorphics.lda.routing.MatchSearcher - registering /doc/services/{svcId}/{serviceName}/{opName}/messages for [Endpoint operationInputsList for http://localhost:9090/iserve/api-config#api]
INFO main com.epimorphics.lda.routing.MatchSearcher - registering /doc/services/{svcId}/{serviceName}/{opName}/{messageName}/{messagePart} for [Endpoint messagePart for http://localhost:9090/iserve/api-config#api]
INFO main com.epimorphics.lda.routing.MatchSearcher - registering /id/services/{svcId}/{serviceName}/{opName}/{messageName}/{messagePart} for <base: /iserve/; template: /doc/services/{svcId}/{serviceName}/{opName}/{messageName}/{messagePart}>
INFO main com.epimorphics.lda.routing.MatchSearcher - registering /doc/services/{svcId}/{serviceName}/{opName} for [Endpoint operationItem for http://localhost:9090/iserve/api-config#api]
INFO main com.epimorphics.lda.routing.MatchSearcher - registering /id/services/{svcId}/{serviceName}/{opName} for <base: /iserve/; template: /doc/services/{svcId}/{serviceName}/{opName}>
INFO main com.epimorphics.lda.routing.MatchSearcher - registering /doc/services for [Endpoint serviceList for http://localhost:9090/iserve/api-config#api]
INFO main com.epimorphics.lda.routing.MatchSearcher - registering /doc/def for [Endpoint scheme-def for http://localhost:9090/iserve/api-config#api]
INFO main uk.ac.open.kmi.iserve.elda.EldaRouterRestlet - 

    =>=> Starting Elda (Init)1.2.34

INFO main uk.ac.open.kmi.iserve.elda.EldaRouterRestlet - creating router for 'iserve'
DEBUG main com.hp.hpl.jena.util.FileManager - Add location: LocatorFile
DEBUG main com.hp.hpl.jena.util.FileManager - Add location: LocatorURL
DEBUG main com.hp.hpl.jena.util.FileManager - Add location: ClassLoaderLocator
DEBUG main com.hp.hpl.jena.util.FileManager - open(/etc/elda/conf.d/iserve/delay.int)
INFO main uk.ac.open.kmi.iserve.elda.EldaRouterRestlet - reload check interval for iserve is 5000
DEBUG main com.epimorphics.lda.restlets.RouterRestlet - configuration file templates: [specs/iserve.ttl]
INFO main com.epimorphics.lda.restlets.RouterRestlet - adding locator for /Users/lp6347/Documents/IJProjects/iserve/iserve-elda/target/iserve-elda-2.0.0-SNAPSHOT/
DEBUG main com.hp.hpl.jena.util.FileManager - Add location: LocatorFile(/Users/lp6347/Documents/IJProjects/iserve/iserve-elda/target/iserve-elda-2.0.0-SNAPSHOT)
INFO main com.epimorphics.lda.restlets.RouterRestlet - Loading spec file from /Users/lp6347/Documents/IJProjects/iserve/iserve-elda/target/iserve-elda-2.0.0-SNAPSHOT/specs/iserve.ttl with prefix path null
INFO main com.epimorphics.lda.routing.Loader - loadModel: /Users/lp6347/Documents/IJProjects/iserve/iserve-elda/target/iserve-elda-2.0.0-SNAPSHOT/specs/iserve.ttl
DEBUG main com.hp.hpl.jena.util.FileManager - loadModel(/Users/lp6347/Documents/IJProjects/iserve/iserve-elda/target/iserve-elda-2.0.0-SNAPSHOT/specs/iserve.ttl)
DEBUG main com.hp.hpl.jena.util.FileManager - Add location: LocatorFile
DEBUG main com.hp.hpl.jena.util.FileManager - Add location: ClassLoaderLocator
DEBUG main com.hp.hpl.jena.util.LocationMapper - Failed to find configuration: file:location-mapping.rdf;file:location-mapping.n3;file:location-mapping.ttl;file:etc/location-mapping.rdf;file:etc/location-mapping.n3;file:etc/location-mapping.ttl
DEBUG main com.hp.hpl.jena.util.FileManager - Add location: LocatorFile
DEBUG main com.hp.hpl.jena.util.FileManager - Add location: LocatorURL
DEBUG main com.hp.hpl.jena.util.FileManager - Add location: ClassLoaderLocator
DEBUG main com.hp.hpl.jena.util.FileManager - Syntax guess: TURTLE
DEBUG main com.hp.hpl.jena.util.FileManager - Found: /Users/lp6347/Documents/IJProjects/iserve/iserve-elda/target/iserve-elda-2.0.0-SNAPSHOT/specs/iserve.ttl (LocatorFile)
DEBUG main com.hp.hpl.jena.sparql.mgt.ARQMgt - Register MBean: org.apache.jena.arq.system:type=Context
DEBUG main com.hp.hpl.jena.sparql.mgt.ARQMgt - Register MBean: org.apache.jena.arq.system:type=Engine
DEBUG main com.hp.hpl.jena.sparql.mgt.ARQMgt - Register MBean: org.apache.jena.arq.system:type=SystemInfo
DEBUG main com.hp.hpl.jena.sparql.mgt.ARQMgt - Register MBean: org.apache.jena.riot.system:type=SystemInfo
INFO main com.epimorphics.lda.restlets.RouterRestlet - Loaded /Users/lp6347/Documents/IJProjects/iserve/iserve-elda/target/iserve-elda-2.0.0-SNAPSHOT/specs/iserve.ttl: 305 statements
INFO main com.epimorphics.lda.specmanager.SpecManagerImpl - Creating API spec at: http://localhost:9090/iserve/api-config#api
INFO main com.epimorphics.lda.sources.SparqlSource - created SparqlSource{http://localhost:8080/openrdf-sesame/repositories/iserve; supportsNestedSelect: No}
INFO main com.epimorphics.lda.routing.MatchSearcher - registering /doc/def/{scheme}/{term}/subclass for [Endpoint subclasses for http://localhost:9090/iserve/api-config#api]
INFO main com.epimorphics.lda.routing.MatchSearcher - registering /doc/def/{scheme} for [Endpoint scheme for http://localhost:9090/iserve/api-config#api]
INFO main com.epimorphics.lda.routing.MatchSearcher - registering /doc/services/{svcId}/{serviceName}/{opName}/{messageName} for [Endpoint messageItem for http://localhost:9090/iserve/api-config#api]
INFO main com.epimorphics.lda.routing.MatchSearcher - registering /id/services/{svcId}/{serviceName}/{opName}/{messageName} for <base: /iserve/; template: /doc/services/{svcId}/{serviceName}/{opName}/{messageName}>
INFO main com.epimorphics.lda.routing.MatchSearcher - registering /doc/operations for [Endpoint operationsList for http://localhost:9090/iserve/api-config#api]
INFO main com.epimorphics.lda.routing.MatchSearcher - registering /doc/def/{scheme}/{term}/property for [Endpoint properties for http://localhost:9090/iserve/api-config#api]
INFO main com.epimorphics.lda.routing.MatchSearcher - registering /doc/def/{scheme}/ for [Endpoint scheme-ns for http://localhost:9090/iserve/api-config#api]
INFO main com.epimorphics.lda.routing.MatchSearcher - registering /id/def/{scheme}/ for <base: /iserve/; template: /doc/def/{scheme}/>
INFO main com.epimorphics.lda.routing.MatchSearcher - registering /doc/def/{scheme}/{term}/instance for [Endpoint instances for http://localhost:9090/iserve/api-config#api]
INFO main com.epimorphics.lda.routing.MatchSearcher - registering /doc/services/{svcId}/{serviceName} for [Endpoint serviceItem for http://localhost:9090/iserve/api-config#api]
INFO main com.epimorphics.lda.routing.MatchSearcher - registering /id/services/{svcId}/{serviceName} for <base: /iserve/; template: /doc/services/{svcId}/{serviceName}>
INFO main com.epimorphics.lda.routing.MatchSearcher - registering /doc/services/{svcId}/{serviceName}/{opName}/messages for [Endpoint operationInputsList for http://localhost:9090/iserve/api-config#api]
INFO main com.epimorphics.lda.routing.MatchSearcher - registering /doc/services/{svcId}/{serviceName}/{opName}/{messageName}/{messagePart} for [Endpoint messagePart for http://localhost:9090/iserve/api-config#api]
INFO main com.epimorphics.lda.routing.MatchSearcher - registering /id/services/{svcId}/{serviceName}/{opName}/{messageName}/{messagePart} for <base: /iserve/; template: /doc/services/{svcId}/{serviceName}/{opName}/{messageName}/{messagePart}>
INFO main com.epimorphics.lda.routing.MatchSearcher - registering /doc/services/{svcId}/{serviceName}/{opName} for [Endpoint operationItem for http://localhost:9090/iserve/api-config#api]
INFO main com.epimorphics.lda.routing.MatchSearcher - registering /id/services/{svcId}/{serviceName}/{opName} for <base: /iserve/; template: /doc/services/{svcId}/{serviceName}/{opName}>
INFO main com.epimorphics.lda.routing.MatchSearcher - registering /doc/services for [Endpoint serviceList for http://localhost:9090/iserve/api-config#api]
INFO main com.epimorphics.lda.routing.MatchSearcher - registering /doc/def for [Endpoint scheme-def for http://localhost:9090/iserve/api-config#api]
INFO main com.epimorphics.lda.sources.SparqlSource - created SparqlSource{http://localhost:8080/openrdf-sesame/repositories/iserve; supportsNestedSelect: No}
INFO main com.epimorphics.lda.routing.MatchSearcher - registering /doc/def/{scheme}/{term}/subclass for [Endpoint subclasses for http://localhost:9090/iserve/api-config#api]
INFO main com.epimorphics.lda.routing.MatchSearcher - registering /doc/def/{scheme} for [Endpoint scheme for http://localhost:9090/iserve/api-config#api]
INFO main com.epimorphics.lda.routing.MatchSearcher - registering /doc/services/{svcId}/{serviceName}/{opName}/{messageName} for [Endpoint messageItem for http://localhost:9090/iserve/api-config#api]
INFO main com.epimorphics.lda.routing.MatchSearcher - registering /id/services/{svcId}/{serviceName}/{opName}/{messageName} for <base: /iserve/; template: /doc/services/{svcId}/{serviceName}/{opName}/{messageName}>
INFO main com.epimorphics.lda.routing.MatchSearcher - registering /doc/operations for [Endpoint operationsList for http://localhost:9090/iserve/api-config#api]
INFO main com.epimorphics.lda.routing.MatchSearcher - registering /doc/def/{scheme}/{term}/property for [Endpoint properties for http://localhost:9090/iserve/api-config#api]
INFO main com.epimorphics.lda.routing.MatchSearcher - registering /doc/def/{scheme}/ for [Endpoint scheme-ns for http://localhost:9090/iserve/api-config#api]
INFO main com.epimorphics.lda.routing.MatchSearcher - registering /id/def/{scheme}/ for <base: /iserve/; template: /doc/def/{scheme}/>
INFO main com.epimorphics.lda.routing.MatchSearcher - registering /doc/def/{scheme}/{term}/instance for [Endpoint instances for http://localhost:9090/iserve/api-config#api]
INFO main com.epimorphics.lda.routing.MatchSearcher - registering /doc/services/{svcId}/{serviceName} for [Endpoint serviceItem for http://localhost:9090/iserve/api-config#api]
INFO main com.epimorphics.lda.routing.MatchSearcher - registering /id/services/{svcId}/{serviceName} for <base: /iserve/; template: /doc/services/{svcId}/{serviceName}>
INFO main com.epimorphics.lda.routing.MatchSearcher - registering /doc/services/{svcId}/{serviceName}/{opName}/messages for [Endpoint operationInputsList for http://localhost:9090/iserve/api-config#api]
INFO main com.epimorphics.lda.routing.MatchSearcher - registering /doc/services/{svcId}/{serviceName}/{opName}/{messageName}/{messagePart} for [Endpoint messagePart for http://localhost:9090/iserve/api-config#api]
INFO main com.epimorphics.lda.routing.MatchSearcher - registering /id/services/{svcId}/{serviceName}/{opName}/{messageName}/{messagePart} for <base: /iserve/; template: /doc/services/{svcId}/{serviceName}/{opName}/{messageName}/{messagePart}>
INFO main com.epimorphics.lda.routing.MatchSearcher - registering /doc/services/{svcId}/{serviceName}/{opName} for [Endpoint operationItem for http://localhost:9090/iserve/api-config#api]
INFO main com.epimorphics.lda.routing.MatchSearcher - registering /id/services/{svcId}/{serviceName}/{opName} for <base: /iserve/; template: /doc/services/{svcId}/{serviceName}/{opName}>
INFO main com.epimorphics.lda.routing.MatchSearcher - registering /doc/services for [Endpoint serviceList for http://localhost:9090/iserve/api-config#api]
INFO main com.epimorphics.lda.routing.MatchSearcher - registering /doc/def for [Endpoint scheme-def for http://localhost:9090/iserve/api-config#api]
INFO main uk.ac.open.kmi.iserve.elda.ReadWriteRouterServlet - 

    =>=> Starting Elda 1.2.34

INFO main uk.ac.open.kmi.iserve.elda.EldaRouterRestlet - creating router for 'iserve'
DEBUG main com.hp.hpl.jena.util.FileManager - Add location: LocatorFile
DEBUG main com.hp.hpl.jena.util.FileManager - Add location: LocatorURL
DEBUG main com.hp.hpl.jena.util.FileManager - Add location: ClassLoaderLocator
DEBUG main com.hp.hpl.jena.util.FileManager - open(/etc/elda/conf.d/iserve/delay.int)
INFO main uk.ac.open.kmi.iserve.elda.EldaRouterRestlet - reload check interval for iserve is 5000
DEBUG main com.epimorphics.lda.restlets.RouterRestlet - configuration file templates: [specs/iserve.ttl]
INFO main com.epimorphics.lda.restlets.RouterRestlet - adding locator for /Users/lp6347/Documents/IJProjects/iserve/iserve-elda/target/iserve-elda-2.0.0-SNAPSHOT/
DEBUG main com.hp.hpl.jena.util.FileManager - Add location: LocatorFile(/Users/lp6347/Documents/IJProjects/iserve/iserve-elda/target/iserve-elda-2.0.0-SNAPSHOT)
INFO main com.epimorphics.lda.restlets.RouterRestlet - Loading spec file from /Users/lp6347/Documents/IJProjects/iserve/iserve-elda/target/iserve-elda-2.0.0-SNAPSHOT/specs/iserve.ttl with prefix path null
INFO main com.epimorphics.lda.routing.Loader - loadModel: /Users/lp6347/Documents/IJProjects/iserve/iserve-elda/target/iserve-elda-2.0.0-SNAPSHOT/specs/iserve.ttl
DEBUG main com.hp.hpl.jena.util.FileManager - loadModel(/Users/lp6347/Documents/IJProjects/iserve/iserve-elda/target/iserve-elda-2.0.0-SNAPSHOT/specs/iserve.ttl)
DEBUG main com.hp.hpl.jena.util.FileManager - Add location: LocatorFile
DEBUG main com.hp.hpl.jena.util.FileManager - Add location: ClassLoaderLocator
DEBUG main com.hp.hpl.jena.util.LocationMapper - Failed to find configuration: file:location-mapping.rdf;file:location-mapping.n3;file:location-mapping.ttl;file:etc/location-mapping.rdf;file:etc/location-mapping.n3;file:etc/location-mapping.ttl
DEBUG main com.hp.hpl.jena.util.FileManager - Add location: LocatorFile
DEBUG main com.hp.hpl.jena.util.FileManager - Add location: LocatorURL
DEBUG main com.hp.hpl.jena.util.FileManager - Add location: ClassLoaderLocator
DEBUG main com.hp.hpl.jena.util.FileManager - Syntax guess: TURTLE
DEBUG main com.hp.hpl.jena.util.FileManager - Found: /Users/lp6347/Documents/IJProjects/iserve/iserve-elda/target/iserve-elda-2.0.0-SNAPSHOT/specs/iserve.ttl (LocatorFile)
DEBUG main com.hp.hpl.jena.sparql.mgt.ARQMgt - Register MBean: org.apache.jena.arq.system:type=Context
DEBUG main com.hp.hpl.jena.sparql.mgt.ARQMgt - Register MBean: org.apache.jena.arq.system:type=Engine
DEBUG main com.hp.hpl.jena.sparql.mgt.ARQMgt - Register MBean: org.apache.jena.arq.system:type=SystemInfo
DEBUG main com.hp.hpl.jena.sparql.mgt.ARQMgt - Register MBean: org.apache.jena.riot.system:type=SystemInfo
INFO main com.epimorphics.lda.restlets.RouterRestlet - Loaded /Users/lp6347/Documents/IJProjects/iserve/iserve-elda/target/iserve-elda-2.0.0-SNAPSHOT/specs/iserve.ttl: 305 statements
INFO main com.epimorphics.lda.specmanager.SpecManagerImpl - Creating API spec at: http://localhost:9090/iserve/api-config#api
INFO main com.epimorphics.lda.sources.SparqlSource - created SparqlSource{http://localhost:8080/openrdf-sesame/repositories/iserve; supportsNestedSelect: No}
INFO main com.epimorphics.lda.routing.MatchSearcher - registering /doc/def/{scheme}/{term}/subclass for [Endpoint subclasses for http://localhost:9090/iserve/api-config#api]
INFO main com.epimorphics.lda.routing.MatchSearcher - registering /doc/def/{scheme} for [Endpoint scheme for http://localhost:9090/iserve/api-config#api]
INFO main com.epimorphics.lda.routing.MatchSearcher - registering /doc/services/{svcId}/{serviceName}/{opName}/{messageName} for [Endpoint messageItem for http://localhost:9090/iserve/api-config#api]
INFO main com.epimorphics.lda.routing.MatchSearcher - registering /id/services/{svcId}/{serviceName}/{opName}/{messageName} for <base: /iserve/; template: /doc/services/{svcId}/{serviceName}/{opName}/{messageName}>
INFO main com.epimorphics.lda.routing.MatchSearcher - registering /doc/operations for [Endpoint operationsList for http://localhost:9090/iserve/api-config#api]
INFO main com.epimorphics.lda.routing.MatchSearcher - registering /doc/def/{scheme}/{term}/property for [Endpoint properties for http://localhost:9090/iserve/api-config#api]
INFO main com.epimorphics.lda.routing.MatchSearcher - registering /doc/def/{scheme}/ for [Endpoint scheme-ns for http://localhost:9090/iserve/api-config#api]
INFO main com.epimorphics.lda.routing.MatchSearcher - registering /id/def/{scheme}/ for <base: /iserve/; template: /doc/def/{scheme}/>
INFO main com.epimorphics.lda.routing.MatchSearcher - registering /doc/def/{scheme}/{term}/instance for [Endpoint instances for http://localhost:9090/iserve/api-config#api]
INFO main com.epimorphics.lda.routing.MatchSearcher - registering /doc/services/{svcId}/{serviceName} for [Endpoint serviceItem for http://localhost:9090/iserve/api-config#api]
INFO main com.epimorphics.lda.routing.MatchSearcher - registering /id/services/{svcId}/{serviceName} for <base: /iserve/; template: /doc/services/{svcId}/{serviceName}>
INFO main com.epimorphics.lda.routing.MatchSearcher - registering /doc/services/{svcId}/{serviceName}/{opName}/messages for [Endpoint operationInputsList for http://localhost:9090/iserve/api-config#api]
INFO main com.epimorphics.lda.routing.MatchSearcher - registering /doc/services/{svcId}/{serviceName}/{opName}/{messageName}/{messagePart} for [Endpoint messagePart for http://localhost:9090/iserve/api-config#api]
INFO main com.epimorphics.lda.routing.MatchSearcher - registering /id/services/{svcId}/{serviceName}/{opName}/{messageName}/{messagePart} for <base: /iserve/; template: /doc/services/{svcId}/{serviceName}/{opName}/{messageName}/{messagePart}>
INFO main com.epimorphics.lda.routing.MatchSearcher - registering /doc/services/{svcId}/{serviceName}/{opName} for [Endpoint operationItem for http://localhost:9090/iserve/api-config#api]
INFO main com.epimorphics.lda.routing.MatchSearcher - registering /id/services/{svcId}/{serviceName}/{opName} for <base: /iserve/; template: /doc/services/{svcId}/{serviceName}/{opName}>
INFO main com.epimorphics.lda.routing.MatchSearcher - registering /doc/services for [Endpoint serviceList for http://localhost:9090/iserve/api-config#api]
INFO main com.epimorphics.lda.routing.MatchSearcher - registering /doc/def for [Endpoint scheme-def for http://localhost:9090/iserve/api-config#api]
INFO main com.epimorphics.lda.sources.SparqlSource - created SparqlSource{http://localhost:8080/openrdf-sesame/repositories/iserve; supportsNestedSelect: No}
INFO main com.epimorphics.lda.routing.MatchSearcher - registering /doc/def/{scheme}/{term}/subclass for [Endpoint subclasses for http://localhost:9090/iserve/api-config#api]
INFO main com.epimorphics.lda.routing.MatchSearcher - registering /doc/def/{scheme} for [Endpoint scheme for http://localhost:9090/iserve/api-config#api]
INFO main com.epimorphics.lda.routing.MatchSearcher - registering /doc/services/{svcId}/{serviceName}/{opName}/{messageName} for [Endpoint messageItem for http://localhost:9090/iserve/api-config#api]
INFO main com.epimorphics.lda.routing.MatchSearcher - registering /id/services/{svcId}/{serviceName}/{opName}/{messageName} for <base: /iserve/; template: /doc/services/{svcId}/{serviceName}/{opName}/{messageName}>
INFO main com.epimorphics.lda.routing.MatchSearcher - registering /doc/operations for [Endpoint operationsList for http://localhost:9090/iserve/api-config#api]
INFO main com.epimorphics.lda.routing.MatchSearcher - registering /doc/def/{scheme}/{term}/property for [Endpoint properties for http://localhost:9090/iserve/api-config#api]
INFO main com.epimorphics.lda.routing.MatchSearcher - registering /doc/def/{scheme}/ for [Endpoint scheme-ns for http://localhost:9090/iserve/api-config#api]
INFO main com.epimorphics.lda.routing.MatchSearcher - registering /id/def/{scheme}/ for <base: /iserve/; template: /doc/def/{scheme}/>
INFO main com.epimorphics.lda.routing.MatchSearcher - registering /doc/def/{scheme}/{term}/instance for [Endpoint instances for http://localhost:9090/iserve/api-config#api]
INFO main com.epimorphics.lda.routing.MatchSearcher - registering /doc/services/{svcId}/{serviceName} for [Endpoint serviceItem for http://localhost:9090/iserve/api-config#api]
INFO main com.epimorphics.lda.routing.MatchSearcher - registering /id/services/{svcId}/{serviceName} for <base: /iserve/; template: /doc/services/{svcId}/{serviceName}>
INFO main com.epimorphics.lda.routing.MatchSearcher - registering /doc/services/{svcId}/{serviceName}/{opName}/messages for [Endpoint operationInputsList for http://localhost:9090/iserve/api-config#api]
INFO main com.epimorphics.lda.routing.MatchSearcher - registering /doc/services/{svcId}/{serviceName}/{opName}/{messageName}/{messagePart} for [Endpoint messagePart for http://localhost:9090/iserve/api-config#api]
INFO main com.epimorphics.lda.routing.MatchSearcher - registering /id/services/{svcId}/{serviceName}/{opName}/{messageName}/{messagePart} for <base: /iserve/; template: /doc/services/{svcId}/{serviceName}/{opName}/{messageName}/{messagePart}>
INFO main com.epimorphics.lda.routing.MatchSearcher - registering /doc/services/{svcId}/{serviceName}/{opName} for [Endpoint operationItem for http://localhost:9090/iserve/api-config#api]
INFO main com.epimorphics.lda.routing.MatchSearcher - registering /id/services/{svcId}/{serviceName}/{opName} for <base: /iserve/; template: /doc/services/{svcId}/{serviceName}/{opName}>
INFO main com.epimorphics.lda.routing.MatchSearcher - registering /doc/services for [Endpoint serviceList for http://localhost:9090/iserve/api-config#api]
INFO main com.epimorphics.lda.routing.MatchSearcher - registering /doc/def for [Endpoint scheme-def for http://localhost:9090/iserve/api-config#api]
INFO main uk.ac.open.kmi.iserve.elda.EldaRouterRestlet - 

    =>=> Starting Elda (Init)1.2.34

INFO main uk.ac.open.kmi.iserve.elda.EldaRouterRestlet - creating router for 'iserve'
DEBUG main com.hp.hpl.jena.util.FileManager - Add location: LocatorFile
DEBUG main com.hp.hpl.jena.util.FileManager - Add location: LocatorURL
DEBUG main com.hp.hpl.jena.util.FileManager - Add location: ClassLoaderLocator
DEBUG main com.hp.hpl.jena.util.FileManager - open(/etc/elda/conf.d/iserve/delay.int)
INFO main uk.ac.open.kmi.iserve.elda.EldaRouterRestlet - reload check interval for iserve is 5000
DEBUG main com.epimorphics.lda.restlets.RouterRestlet - configuration file templates: [specs/iserve.ttl]
INFO main com.epimorphics.lda.restlets.RouterRestlet - adding locator for /Users/lp6347/Documents/IJProjects/iserve/iserve-elda/target/iserve-elda-2.0.0-SNAPSHOT/
DEBUG main com.hp.hpl.jena.util.FileManager - Add location: LocatorFile(/Users/lp6347/Documents/IJProjects/iserve/iserve-elda/target/iserve-elda-2.0.0-SNAPSHOT)
INFO main com.epimorphics.lda.restlets.RouterRestlet - Loading spec file from /Users/lp6347/Documents/IJProjects/iserve/iserve-elda/target/iserve-elda-2.0.0-SNAPSHOT/specs/iserve.ttl with prefix path null
INFO main com.epimorphics.lda.routing.Loader - loadModel: /Users/lp6347/Documents/IJProjects/iserve/iserve-elda/target/iserve-elda-2.0.0-SNAPSHOT/specs/iserve.ttl
DEBUG main com.hp.hpl.jena.util.FileManager - loadModel(/Users/lp6347/Documents/IJProjects/iserve/iserve-elda/target/iserve-elda-2.0.0-SNAPSHOT/specs/iserve.ttl)
DEBUG main com.hp.hpl.jena.util.FileManager - Add location: LocatorFile
DEBUG main com.hp.hpl.jena.util.FileManager - Add location: ClassLoaderLocator
DEBUG main com.hp.hpl.jena.util.LocationMapper - Failed to find configuration: file:location-mapping.rdf;file:location-mapping.n3;file:location-mapping.ttl;file:etc/location-mapping.rdf;file:etc/location-mapping.n3;file:etc/location-mapping.ttl
DEBUG main com.hp.hpl.jena.util.FileManager - Add location: LocatorFile
DEBUG main com.hp.hpl.jena.util.FileManager - Add location: LocatorURL
DEBUG main com.hp.hpl.jena.util.FileManager - Add location: ClassLoaderLocator
DEBUG main com.hp.hpl.jena.util.FileManager - Syntax guess: TURTLE
DEBUG main com.hp.hpl.jena.util.FileManager - Found: /Users/lp6347/Documents/IJProjects/iserve/iserve-elda/target/iserve-elda-2.0.0-SNAPSHOT/specs/iserve.ttl (LocatorFile)
DEBUG main com.hp.hpl.jena.sparql.mgt.ARQMgt - Register MBean: org.apache.jena.arq.system:type=Context
DEBUG main com.hp.hpl.jena.sparql.mgt.ARQMgt - Register MBean: org.apache.jena.arq.system:type=Engine
DEBUG main com.hp.hpl.jena.sparql.mgt.ARQMgt - Register MBean: org.apache.jena.arq.system:type=SystemInfo
DEBUG main com.hp.hpl.jena.sparql.mgt.ARQMgt - Register MBean: org.apache.jena.riot.system:type=SystemInfo
INFO main com.epimorphics.lda.restlets.RouterRestlet - Loaded /Users/lp6347/Documents/IJProjects/iserve/iserve-elda/target/iserve-elda-2.0.0-SNAPSHOT/specs/iserve.ttl: 305 statements
INFO main com.epimorphics.lda.specmanager.SpecManagerImpl - Creating API spec at: http://localhost:9090/iserve/api-config#api
INFO main com.epimorphics.lda.sources.SparqlSource - created SparqlSource{http://localhost:8080/openrdf-sesame/repositories/iserve; supportsNestedSelect: No}
INFO main com.epimorphics.lda.routing.MatchSearcher - registering /doc/def/{scheme}/{term}/subclass for [Endpoint subclasses for http://localhost:9090/iserve/api-config#api]
INFO main com.epimorphics.lda.routing.MatchSearcher - registering /doc/def/{scheme} for [Endpoint scheme for http://localhost:9090/iserve/api-config#api]
INFO main com.epimorphics.lda.routing.MatchSearcher - registering /doc/services/{svcId}/{serviceName}/{opName}/{messageName} for [Endpoint messageItem for http://localhost:9090/iserve/api-config#api]
INFO main com.epimorphics.lda.routing.MatchSearcher - registering /id/services/{svcId}/{serviceName}/{opName}/{messageName} for <base: /iserve/; template: /doc/services/{svcId}/{serviceName}/{opName}/{messageName}>
INFO main com.epimorphics.lda.routing.MatchSearcher - registering /doc/operations for [Endpoint operationsList for http://localhost:9090/iserve/api-config#api]
INFO main com.epimorphics.lda.routing.MatchSearcher - registering /doc/def/{scheme}/{term}/property for [Endpoint properties for http://localhost:9090/iserve/api-config#api]
INFO main com.epimorphics.lda.routing.MatchSearcher - registering /doc/def/{scheme}/ for [Endpoint scheme-ns for http://localhost:9090/iserve/api-config#api]
INFO main com.epimorphics.lda.routing.MatchSearcher - registering /id/def/{scheme}/ for <base: /iserve/; template: /doc/def/{scheme}/>
INFO main com.epimorphics.lda.routing.MatchSearcher - registering /doc/def/{scheme}/{term}/instance for [Endpoint instances for http://localhost:9090/iserve/api-config#api]
INFO main com.epimorphics.lda.routing.MatchSearcher - registering /doc/services/{svcId}/{serviceName} for [Endpoint serviceItem for http://localhost:9090/iserve/api-config#api]
INFO main com.epimorphics.lda.routing.MatchSearcher - registering /id/services/{svcId}/{serviceName} for <base: /iserve/; template: /doc/services/{svcId}/{serviceName}>
INFO main com.epimorphics.lda.routing.MatchSearcher - registering /doc/services/{svcId}/{serviceName}/{opName}/messages for [Endpoint operationInputsList for http://localhost:9090/iserve/api-config#api]
INFO main com.epimorphics.lda.routing.MatchSearcher - registering /doc/services/{svcId}/{serviceName}/{opName}/{messageName}/{messagePart} for [Endpoint messagePart for http://localhost:9090/iserve/api-config#api]
INFO main com.epimorphics.lda.routing.MatchSearcher - registering /id/services/{svcId}/{serviceName}/{opName}/{messageName}/{messagePart} for <base: /iserve/; template: /doc/services/{svcId}/{serviceName}/{opName}/{messageName}/{messagePart}>
INFO main com.epimorphics.lda.routing.MatchSearcher - registering /doc/services/{svcId}/{serviceName}/{opName} for [Endpoint operationItem for http://localhost:9090/iserve/api-config#api]
INFO main com.epimorphics.lda.routing.MatchSearcher - registering /id/services/{svcId}/{serviceName}/{opName} for <base: /iserve/; template: /doc/services/{svcId}/{serviceName}/{opName}>
INFO main com.epimorphics.lda.routing.MatchSearcher - registering /doc/services for [Endpoint serviceList for http://localhost:9090/iserve/api-config#api]
INFO main com.epimorphics.lda.routing.MatchSearcher - registering /doc/def for [Endpoint scheme-def for http://localhost:9090/iserve/api-config#api]
INFO main com.epimorphics.lda.sources.SparqlSource - created SparqlSource{http://localhost:8080/openrdf-sesame/repositories/iserve; supportsNestedSelect: No}
INFO main com.epimorphics.lda.routing.MatchSearcher - registering /doc/def/{scheme}/{term}/subclass for [Endpoint subclasses for http://localhost:9090/iserve/api-config#api]
INFO main com.epimorphics.lda.routing.MatchSearcher - registering /doc/def/{scheme} for [Endpoint scheme for http://localhost:9090/iserve/api-config#api]
INFO main com.epimorphics.lda.routing.MatchSearcher - registering /doc/services/{svcId}/{serviceName}/{opName}/{messageName} for [Endpoint messageItem for http://localhost:9090/iserve/api-config#api]
INFO main com.epimorphics.lda.routing.MatchSearcher - registering /id/services/{svcId}/{serviceName}/{opName}/{messageName} for <base: /iserve/; template: /doc/services/{svcId}/{serviceName}/{opName}/{messageName}>
INFO main com.epimorphics.lda.routing.MatchSearcher - registering /doc/operations for [Endpoint operationsList for http://localhost:9090/iserve/api-config#api]
INFO main com.epimorphics.lda.routing.MatchSearcher - registering /doc/def/{scheme}/{term}/property for [Endpoint properties for http://localhost:9090/iserve/api-config#api]
INFO main com.epimorphics.lda.routing.MatchSearcher - registering /doc/def/{scheme}/ for [Endpoint scheme-ns for http://localhost:9090/iserve/api-config#api]
INFO main com.epimorphics.lda.routing.MatchSearcher - registering /id/def/{scheme}/ for <base: /iserve/; template: /doc/def/{scheme}/>
INFO main com.epimorphics.lda.routing.MatchSearcher - registering /doc/def/{scheme}/{term}/instance for [Endpoint instances for http://localhost:9090/iserve/api-config#api]
INFO main com.epimorphics.lda.routing.MatchSearcher - registering /doc/services/{svcId}/{serviceName} for [Endpoint serviceItem for http://localhost:9090/iserve/api-config#api]
INFO main com.epimorphics.lda.routing.MatchSearcher - registering /id/services/{svcId}/{serviceName} for <base: /iserve/; template: /doc/services/{svcId}/{serviceName}>
INFO main com.epimorphics.lda.routing.MatchSearcher - registering /doc/services/{svcId}/{serviceName}/{opName}/messages for [Endpoint operationInputsList for http://localhost:9090/iserve/api-config#api]
INFO main com.epimorphics.lda.routing.MatchSearcher - registering /doc/services/{svcId}/{serviceName}/{opName}/{messageName}/{messagePart} for [Endpoint messagePart for http://localhost:9090/iserve/api-config#api]
INFO main com.epimorphics.lda.routing.MatchSearcher - registering /id/services/{svcId}/{serviceName}/{opName}/{messageName}/{messagePart} for <base: /iserve/; template: /doc/services/{svcId}/{serviceName}/{opName}/{messageName}/{messagePart}>
INFO main com.epimorphics.lda.routing.MatchSearcher - registering /doc/services/{svcId}/{serviceName}/{opName} for [Endpoint operationItem for http://localhost:9090/iserve/api-config#api]
INFO main com.epimorphics.lda.routing.MatchSearcher - registering /id/services/{svcId}/{serviceName}/{opName} for <base: /iserve/; template: /doc/services/{svcId}/{serviceName}/{opName}>
INFO main com.epimorphics.lda.routing.MatchSearcher - registering /doc/services for [Endpoint serviceList for http://localhost:9090/iserve/api-config#api]
INFO main com.epimorphics.lda.routing.MatchSearcher - registering /doc/def for [Endpoint scheme-def for http://localhost:9090/iserve/api-config#api]
INFO main uk.ac.open.kmi.iserve.elda.EldaRouterRestlet - 

    =>=> Starting Elda (Init)1.2.34

INFO main uk.ac.open.kmi.iserve.elda.EldaRouterRestlet - creating router for 'iserve'
DEBUG main com.hp.hpl.jena.util.FileManager - Add location: LocatorFile
DEBUG main com.hp.hpl.jena.util.FileManager - Add location: LocatorURL
DEBUG main com.hp.hpl.jena.util.FileManager - Add location: ClassLoaderLocator
DEBUG main com.hp.hpl.jena.util.FileManager - open(/etc/elda/conf.d/iserve/delay.int)
INFO main uk.ac.open.kmi.iserve.elda.EldaRouterRestlet - reload check interval for iserve is 5000
DEBUG main com.epimorphics.lda.restlets.RouterRestlet - configuration file templates: [specs/iserve.ttl]
INFO main com.epimorphics.lda.restlets.RouterRestlet - adding locator for /Users/lp6347/Documents/IJProjects/iserve/iserve-elda/target/iserve-elda-2.0.0-SNAPSHOT/
DEBUG main com.hp.hpl.jena.util.FileManager - Add location: LocatorFile(/Users/lp6347/Documents/IJProjects/iserve/iserve-elda/target/iserve-elda-2.0.0-SNAPSHOT)
INFO main com.epimorphics.lda.restlets.RouterRestlet - Loading spec file from /Users/lp6347/Documents/IJProjects/iserve/iserve-elda/target/iserve-elda-2.0.0-SNAPSHOT/specs/iserve.ttl with prefix path null
INFO main com.epimorphics.lda.routing.Loader - loadModel: /Users/lp6347/Documents/IJProjects/iserve/iserve-elda/target/iserve-elda-2.0.0-SNAPSHOT/specs/iserve.ttl
DEBUG main com.hp.hpl.jena.util.FileManager - loadModel(/Users/lp6347/Documents/IJProjects/iserve/iserve-elda/target/iserve-elda-2.0.0-SNAPSHOT/specs/iserve.ttl)
DEBUG main com.hp.hpl.jena.util.FileManager - Add location: LocatorFile
DEBUG main com.hp.hpl.jena.util.FileManager - Add location: ClassLoaderLocator
DEBUG main com.hp.hpl.jena.util.LocationMapper - Failed to find configuration: file:location-mapping.rdf;file:location-mapping.n3;file:location-mapping.ttl;file:etc/location-mapping.rdf;file:etc/location-mapping.n3;file:etc/location-mapping.ttl
DEBUG main com.hp.hpl.jena.util.FileManager - Add location: LocatorFile
DEBUG main com.hp.hpl.jena.util.FileManager - Add location: LocatorURL
DEBUG main com.hp.hpl.jena.util.FileManager - Add location: ClassLoaderLocator
DEBUG main com.hp.hpl.jena.util.FileManager - Syntax guess: TURTLE
DEBUG main com.hp.hpl.jena.util.FileManager - Found: /Users/lp6347/Documents/IJProjects/iserve/iserve-elda/target/iserve-elda-2.0.0-SNAPSHOT/specs/iserve.ttl (LocatorFile)
DEBUG main com.hp.hpl.jena.sparql.mgt.ARQMgt - Register MBean: org.apache.jena.arq.system:type=Context
DEBUG main com.hp.hpl.jena.sparql.mgt.ARQMgt - Register MBean: org.apache.jena.arq.system:type=Engine
DEBUG main com.hp.hpl.jena.sparql.mgt.ARQMgt - Register MBean: org.apache.jena.arq.system:type=SystemInfo
DEBUG main com.hp.hpl.jena.sparql.mgt.ARQMgt - Register MBean: org.apache.jena.riot.system:type=SystemInfo
INFO main com.epimorphics.lda.restlets.RouterRestlet - Loaded /Users/lp6347/Documents/IJProjects/iserve/iserve-elda/target/iserve-elda-2.0.0-SNAPSHOT/specs/iserve.ttl: 305 statements
INFO main com.epimorphics.lda.specmanager.SpecManagerImpl - Creating API spec at: http://localhost:9090/iserve/api-config#api
INFO main com.epimorphics.lda.sources.SparqlSource - created SparqlSource{http://localhost:8080/openrdf-sesame/repositories/iserve; supportsNestedSelect: No}
INFO main com.epimorphics.lda.routing.MatchSearcher - registering /doc/def/{scheme}/{term}/subclass for [Endpoint subclasses for http://localhost:9090/iserve/api-config#api]
INFO main com.epimorphics.lda.routing.MatchSearcher - registering /doc/def/{scheme} for [Endpoint scheme for http://localhost:9090/iserve/api-config#api]
INFO main com.epimorphics.lda.routing.MatchSearcher - registering /doc/services/{svcId}/{serviceName}/{opName}/{messageName} for [Endpoint messageItem for http://localhost:9090/iserve/api-config#api]
INFO main com.epimorphics.lda.routing.MatchSearcher - registering /id/services/{svcId}/{serviceName}/{opName}/{messageName} for <base: /iserve/; template: /doc/services/{svcId}/{serviceName}/{opName}/{messageName}>
INFO main com.epimorphics.lda.routing.MatchSearcher - registering /doc/operations for [Endpoint operationsList for http://localhost:9090/iserve/api-config#api]
INFO main com.epimorphics.lda.routing.MatchSearcher - registering /doc/def/{scheme}/{term}/property for [Endpoint properties for http://localhost:9090/iserve/api-config#api]
INFO main com.epimorphics.lda.routing.MatchSearcher - registering /doc/def/{scheme}/ for [Endpoint scheme-ns for http://localhost:9090/iserve/api-config#api]
INFO main com.epimorphics.lda.routing.MatchSearcher - registering /id/def/{scheme}/ for <base: /iserve/; template: /doc/def/{scheme}/>
INFO main com.epimorphics.lda.routing.MatchSearcher - registering /doc/def/{scheme}/{term}/instance for [Endpoint instances for http://localhost:9090/iserve/api-config#api]
INFO main com.epimorphics.lda.routing.MatchSearcher - registering /doc/services/{svcId}/{serviceName} for [Endpoint serviceItem for http://localhost:9090/iserve/api-config#api]
INFO main com.epimorphics.lda.routing.MatchSearcher - registering /id/services/{svcId}/{serviceName} for <base: /iserve/; template: /doc/services/{svcId}/{serviceName}>
INFO main com.epimorphics.lda.routing.MatchSearcher - registering /doc/services/{svcId}/{serviceName}/{opName}/messages for [Endpoint operationInputsList for http://localhost:9090/iserve/api-config#api]
INFO main com.epimorphics.lda.routing.MatchSearcher - registering /doc/services/{svcId}/{serviceName}/{opName}/{messageName}/{messagePart} for [Endpoint messagePart for http://localhost:9090/iserve/api-config#api]
INFO main com.epimorphics.lda.routing.MatchSearcher - registering /id/services/{svcId}/{serviceName}/{opName}/{messageName}/{messagePart} for <base: /iserve/; template: /doc/services/{svcId}/{serviceName}/{opName}/{messageName}/{messagePart}>
INFO main com.epimorphics.lda.routing.MatchSearcher - registering /doc/services/{svcId}/{serviceName}/{opName} for [Endpoint operationItem for http://localhost:9090/iserve/api-config#api]
INFO main com.epimorphics.lda.routing.MatchSearcher - registering /id/services/{svcId}/{serviceName}/{opName} for <base: /iserve/; template: /doc/services/{svcId}/{serviceName}/{opName}>
INFO main com.epimorphics.lda.routing.MatchSearcher - registering /doc/services for [Endpoint serviceList for http://localhost:9090/iserve/api-config#api]
INFO main com.epimorphics.lda.routing.MatchSearcher - registering /doc/def for [Endpoint scheme-def for http://localhost:9090/iserve/api-config#api]
INFO main com.epimorphics.lda.sources.SparqlSource - created SparqlSource{http://localhost:8080/openrdf-sesame/repositories/iserve; supportsNestedSelect: No}
INFO main com.epimorphics.lda.routing.MatchSearcher - registering /doc/def/{scheme}/{term}/subclass for [Endpoint subclasses for http://localhost:9090/iserve/api-config#api]
INFO main com.epimorphics.lda.routing.MatchSearcher - registering /doc/def/{scheme} for [Endpoint scheme for http://localhost:9090/iserve/api-config#api]
INFO main com.epimorphics.lda.routing.MatchSearcher - registering /doc/services/{svcId}/{serviceName}/{opName}/{messageName} for [Endpoint messageItem for http://localhost:9090/iserve/api-config#api]
INFO main com.epimorphics.lda.routing.MatchSearcher - registering /id/services/{svcId}/{serviceName}/{opName}/{messageName} for <base: /iserve/; template: /doc/services/{svcId}/{serviceName}/{opName}/{messageName}>
INFO main com.epimorphics.lda.routing.MatchSearcher - registering /doc/operations for [Endpoint operationsList for http://localhost:9090/iserve/api-config#api]
INFO main com.epimorphics.lda.routing.MatchSearcher - registering /doc/def/{scheme}/{term}/property for [Endpoint properties for http://localhost:9090/iserve/api-config#api]
INFO main com.epimorphics.lda.routing.MatchSearcher - registering /doc/def/{scheme}/ for [Endpoint scheme-ns for http://localhost:9090/iserve/api-config#api]
INFO main com.epimorphics.lda.routing.MatchSearcher - registering /id/def/{scheme}/ for <base: /iserve/; template: /doc/def/{scheme}/>
INFO main com.epimorphics.lda.routing.MatchSearcher - registering /doc/def/{scheme}/{term}/instance for [Endpoint instances for http://localhost:9090/iserve/api-config#api]
INFO main com.epimorphics.lda.routing.MatchSearcher - registering /doc/services/{svcId}/{serviceName} for [Endpoint serviceItem for http://localhost:9090/iserve/api-config#api]
INFO main com.epimorphics.lda.routing.MatchSearcher - registering /id/services/{svcId}/{serviceName} for <base: /iserve/; template: /doc/services/{svcId}/{serviceName}>
INFO main com.epimorphics.lda.routing.MatchSearcher - registering /doc/services/{svcId}/{serviceName}/{opName}/messages for [Endpoint operationInputsList for http://localhost:9090/iserve/api-config#api]
INFO main com.epimorphics.lda.routing.MatchSearcher - registering /doc/services/{svcId}/{serviceName}/{opName}/{messageName}/{messagePart} for [Endpoint messagePart for http://localhost:9090/iserve/api-config#api]
INFO main com.epimorphics.lda.routing.MatchSearcher - registering /id/services/{svcId}/{serviceName}/{opName}/{messageName}/{messagePart} for <base: /iserve/; template: /doc/services/{svcId}/{serviceName}/{opName}/{messageName}/{messagePart}>
INFO main com.epimorphics.lda.routing.MatchSearcher - registering /doc/services/{svcId}/{serviceName}/{opName} for [Endpoint operationItem for http://localhost:9090/iserve/api-config#api]
INFO main com.epimorphics.lda.routing.MatchSearcher - registering /id/services/{svcId}/{serviceName}/{opName} for <base: /iserve/; template: /doc/services/{svcId}/{serviceName}/{opName}>
INFO main com.epimorphics.lda.routing.MatchSearcher - registering /doc/services for [Endpoint serviceList for http://localhost:9090/iserve/api-config#api]
INFO main com.epimorphics.lda.routing.MatchSearcher - registering /doc/def for [Endpoint scheme-def for http://localhost:9090/iserve/api-config#api]
